app/build/outputs/logs/manifest-merger-debug-report.txt
-- Merging decision tree log ---
manifest
ADDED from src\main\AndroidManifest.xml:2:1-73:12
	xmlns:android
		ADDED from src\main\AndroidManifest.xml:2:11-69
	package
		ADDED from src\main\AndroidManifest.xml:3:5-32
		INJECTED from src\main\AndroidManifest.xml
		INJECTED from src\main\AndroidManifest.xml
	android:versionName
		ADDED from src\main\AndroidManifest.xml:5:5-30
	android:versionCode
		ADDED from src\main\AndroidManifest.xml:4:5-28
		INJECTED from src\main\AndroidManifest.xml
		INJECTED from src\main\AndroidManifest.xml
uses-sdk
ADDED from src\main\AndroidManifest.xml:7:5-9:41
	android:targetSdkVersion
		ADDED from src\main\AndroidManifest.xml:9:9-38
		INJECTED from src\main\AndroidManifest.xml
		INJECTED from src\main\AndroidManifest.xml
	android:minSdkVersion
		ADDED from src\main\AndroidManifest.xml:8:9-35
		INJECTED from src\main\AndroidManifest.xml
		INJECTED from src\main\AndroidManifest.xml
android:uses-permission#android.permission.WRITE_EXTERNAL_STORAGE
ADDED from src\main\AndroidManifest.xml:11:5-89
	android:name
		ADDED from src\main\AndroidManifest.xml:11:30-86
android:uses-permission#android.permission.READ_PHONE_STATE
ADDED from src\main\AndroidManifest.xml:12:5-83
	android:name
		ADDED from src\main\AndroidManifest.xml:12:30-80
android:uses-permission#android.permission.READ_EXTERNAL_STORAGE
ADDED from src\main\AndroidManifest.xml:13:5-88
	android:name
		ADDED from src\main\AndroidManifest.xml:13:30-85
application
ADDED from src\main\AndroidManifest.xml:15:5-71:19
	android:label
		ADDED from src\main\AndroidManifest.xml:18:9-41
	android:allowBackup
		ADDED from src\main\AndroidManifest.xml:16:9-35
	android:icon
		ADDED from src\main\AndroidManifest.xml:17:9-45
	android:theme
		ADDED from src\main\AndroidManifest.xml:19:9-40
activity#org.musee.chapu.MainActivity
ADDED from src\main\AndroidManifest.xml:20:9-29:20
	android:label
		ADDED from src\main\AndroidManifest.xml:22:13-45
	android:parentActivityName
		ADDED from src\main\AndroidManifest.xml:23:13-70
	android:name
		ADDED from src\main\AndroidManifest.xml:21:13-56
intent-filter#android.intent.action.MAIN+android.intent.category.LAUNCHER
ADDED from src\main\AndroidManifest.xml:24:13-28:29
action#android.intent.action.MAIN
ADDED from src\main\AndroidManifest.xml:25:17-69
	android:name
		ADDED from src\main\AndroidManifest.xml:25:25-66
category#android.intent.category.LAUNCHER
ADDED from src\main\AndroidManifest.xml:27:17-77
	android:name
		ADDED from src\main\AndroidManifest.xml:27:27-74
activity#org.musee.chapu.themes.ListeThemes
ADDED from src\main\AndroidManifest.xml:30:9-31:20
	android:name
		ADDED from src\main\AndroidManifest.xml:30:19-68
activity#org.musee.chapu.themes.PageOeuvre
ADDED from src\main\AndroidManifest.xml:32:9-35:20
	android:label
		ADDED from src\main\AndroidManifest.xml:34:13-63
	android:name
		ADDED from src\main\AndroidManifest.xml:33:13-61
activity#org.musee.chapu.Accueil
ADDED from src\main\AndroidManifest.xml:36:9-39:20
	android:label
		ADDED from src\main\AndroidManifest.xml:38:13-59
	android:name
		ADDED from src\main\AndroidManifest.xml:37:13-51
activity#org.musee.chapu.themes.ListeThemesExpert
ADDED from src\main\AndroidManifest.xml:40:9-77
	android:name
		ADDED from src\main\AndroidManifest.xml:40:19-74
activity#org.musee.chapu.biographie.Biographie
ADDED from src\main\AndroidManifest.xml:41:9-44:20
	android:label
		ADDED from src\main\AndroidManifest.xml:43:13-62
	android:name
		ADDED from src\main\AndroidManifest.xml:42:13-65
activity#org.musee.chapu.biographie.BiographieJeu
ADDED from src\main\AndroidManifest.xml:45:9-46:20
	android:name
		ADDED from src\main\AndroidManifest.xml:45:19-74
activity#org.musee.chapu.Plan
ADDED from src\main\AndroidManifest.xml:47:9-50:20
	android:label
		ADDED from src\main\AndroidManifest.xml:49:13-56
	android:name
		ADDED from src\main\AndroidManifest.xml:48:13-48
activity#org.musee.chapu.biographie.ReglesBio
ADDED from src\main\AndroidManifest.xml:51:9-54:20
	android:label
		ADDED from src\main\AndroidManifest.xml:53:13-62
	android:name
		ADDED from src\main\AndroidManifest.xml:52:13-64
activity#org.musee.chapu.biographie.Details
ADDED from src\main\AndroidManifest.xml:55:9-58:20
	android:label
		ADDED from src\main\AndroidManifest.xml:57:13-56
	android:name
		ADDED from src\main\AndroidManifest.xml:56:13-62
activity#org.musee.chapu.themes.ImageOeuvre
ADDED from src\main\AndroidManifest.xml:59:9-62:20
	android:label
		ADDED from src\main\AndroidManifest.xml:61:13-64
	android:name
		ADDED from src\main\AndroidManifest.xml:60:13-62
activity#org.musee.chapu.SplashScreen
ADDED from src\main\AndroidManifest.xml:63:9-66:20
	android:label
		ADDED from src\main\AndroidManifest.xml:65:13-54
	android:name
		ADDED from src\main\AndroidManifest.xml:64:13-56
activity#org.musee.chapu.biographie.Help
ADDED from src\main\AndroidManifest.xml:67:9-70:20
	android:label
		ADDED from src\main\AndroidManifest.xml:69:13-56
	android:name
		ADDED from src\main\AndroidManifest.xml:68:13-59